<html>
<head>
<title>TestNG:  Regression Test cases</title>
<link href="../testng.css" rel="stylesheet" type="text/css" />
<link href="../my-testng.css" rel="stylesheet" type="text/css" />

<style type="text/css">
.log { display: none;} 
.stack-trace { display: none;} 
</style>
<script type="text/javascript">
<!--
function flip(e) {
  current = e.style.display;
  if (current == 'block') {
    e.style.display = 'none';
    return 0;
  }
  else {
    e.style.display = 'block';
    return 1;
  }
}

function toggleBox(szDivId, elem, msg1, msg2)
{
  var res = -1;  if (document.getElementById) {
    res = flip(document.getElementById(szDivId));
  }
  else if (document.all) {
    // this is the way old msie versions work
    res = flip(document.all[szDivId]);
  }
  if(elem) {
    if(res == 0) elem.innerHTML = msg1; else elem.innerHTML = msg2;
  }

}

function toggleAllBoxes() {
  if (document.getElementsByTagName) {
    d = document.getElementsByTagName('div');
    for (i = 0; i < d.length; i++) {
      if (d[i].className == 'log') {
        flip(d[i]);
      }
    }
  }
}

// -->
</script>

</head>
<body>
<h2 align='center'>Regression Test cases</h2><table border='1' align="center">
<tr>
<td>Tests passed/Failed/Skipped:</td><td>21/2/3</td>
</tr><tr>
<td>Started on:</td><td>Fri Nov 15 11:51:44 IST 2024</td>
</tr>
<tr><td>Total time:</td><td>0 seconds (190 ms)</td>
</tr><tr>
<td>Included groups:</td><td></td>
</tr><tr>
<td>Excluded groups:</td><td></td>
</tr>
</table><p/>
<small><i>(Hover the method name to see the test class name)</i></small><p/>
<table width='100%' border='1' class='invocation-failed'>
<tr><td colspan='4' align='center'><b>FAILED TESTS</b></td></tr>
<tr><td><b>Test method</b></td>
<td><b>Attribute(s)</b></td>
<td width="30%"><b>Exception</b></td>
<td width="10%"><b>Time (seconds)</b></td>
<td><b>Instance</b></td>
</tr>
<tr>
<td title='com.vqa.testannotation.BankingFlowHardDependency.checkSavingsAccountBalance()'><b>checkSavingsAccountBalance</b><br>Test class: com.vqa.testannotation.BankingFlowHardDependency</td>
<td><div><pre>java.lang.AssertionError: Savings Account is not validated expected [Savings Account] but found [Not Savings Account]
	at com.vqa.testannotation.BankingFlowHardDependency.checkSavingsAccountBalance(BankingFlowHardDependency.java:23)
	at java.base/java.util.ArrayList.forEach(ArrayList.java:1511)
... Removed 32 stack frames</pre></div><a href='#' onClick='toggleBox("stack-trace1753714541", this, "Click to show all stack frames", "Click to hide stack frames")'>Click to show all stack frames</a>
<div class='stack-trace' id='stack-trace1753714541'><pre>java.lang.AssertionError: Savings Account is not validated expected [Savings Account] but found [Not Savings Account]
	at org.testng.Assert.fail(Assert.java:111)
	at org.testng.Assert.failNotEquals(Assert.java:1578)
	at org.testng.Assert.assertEqualsImpl(Assert.java:150)
	at org.testng.Assert.assertEquals(Assert.java:132)
	at org.testng.Assert.assertEquals(Assert.java:656)
	at com.vqa.testannotation.BankingFlowHardDependency.checkSavingsAccountBalance(BankingFlowHardDependency.java:23)
	at java.base/jdk.internal.reflect.NativeMethodAccessorImpl.invoke0(Native Method)
	at java.base/jdk.internal.reflect.NativeMethodAccessorImpl.invoke(NativeMethodAccessorImpl.java:77)
	at java.base/jdk.internal.reflect.DelegatingMethodAccessorImpl.invoke(DelegatingMethodAccessorImpl.java:43)
	at java.base/java.lang.reflect.Method.invoke(Method.java:568)
	at org.testng.internal.invokers.MethodInvocationHelper.invokeMethod(MethodInvocationHelper.java:141)
	at org.testng.internal.invokers.TestInvoker.invokeMethod(TestInvoker.java:686)
	at org.testng.internal.invokers.TestInvoker.invokeTestMethod(TestInvoker.java:230)
	at org.testng.internal.invokers.MethodRunner.runInSequence(MethodRunner.java:63)
	at org.testng.internal.invokers.TestInvoker$MethodInvocationAgent.invoke(TestInvoker.java:992)
	at org.testng.internal.invokers.TestInvoker.invokeTestMethods(TestInvoker.java:203)
	at org.testng.internal.invokers.TestMethodWorker.invokeTestMethods(TestMethodWorker.java:154)
	at org.testng.internal.invokers.TestMethodWorker.run(TestMethodWorker.java:134)
	at java.base/java.util.ArrayList.forEach(ArrayList.java:1511)
	at org.testng.TestRunner.privateRun(TestRunner.java:739)
	at org.testng.TestRunner.run(TestRunner.java:614)
	at org.testng.SuiteRunner.runTest(SuiteRunner.java:421)
	at org.testng.SuiteRunner.runSequentially(SuiteRunner.java:413)
	at org.testng.SuiteRunner.privateRun(SuiteRunner.java:373)
	at org.testng.SuiteRunner.run(SuiteRunner.java:312)
	at org.testng.SuiteRunnerWorker.runSuite(SuiteRunnerWorker.java:52)
	at org.testng.SuiteRunnerWorker.run(SuiteRunnerWorker.java:95)
	at org.testng.TestNG.runSuitesSequentially(TestNG.java:1274)
	at org.testng.TestNG.runSuitesLocally(TestNG.java:1208)
	at org.testng.TestNG.runSuites(TestNG.java:1112)
	at org.testng.TestNG.run(TestNG.java:1079)
	at org.testng.remote.AbstractRemoteTestNG.run(AbstractRemoteTestNG.java:115)
	at org.testng.remote.RemoteTestNG.initAndRun(RemoteTestNG.java:293)
	at org.testng.remote.RemoteTestNG.main(RemoteTestNG.java:91)
</pre></div></td>
<td>0</td>
<td>com.vqa.testannotation.BankingFlowHardDependency@3012646b</td></tr>
<tr>
<td title='com.vqa.testannotation.BankingFlowSoftDependency.logoutApplication()'><b>logoutApplication</b><br>Test class: com.vqa.testannotation.BankingFlowSoftDependency</td>
<td><div><pre>java.lang.AssertionError: Logout failed expected [Logout] but found [ Not Logout]
	at com.vqa.testannotation.BankingFlowSoftDependency.logoutApplication(BankingFlowSoftDependency.java:35)
	at java.base/java.util.ArrayList.forEach(ArrayList.java:1511)
... Removed 32 stack frames</pre></div><a href='#' onClick='toggleBox("stack-trace1267105885", this, "Click to show all stack frames", "Click to hide stack frames")'>Click to show all stack frames</a>
<div class='stack-trace' id='stack-trace1267105885'><pre>java.lang.AssertionError: Logout failed expected [Logout] but found [ Not Logout]
	at org.testng.Assert.fail(Assert.java:111)
	at org.testng.Assert.failNotEquals(Assert.java:1578)
	at org.testng.Assert.assertEqualsImpl(Assert.java:150)
	at org.testng.Assert.assertEquals(Assert.java:132)
	at org.testng.Assert.assertEquals(Assert.java:656)
	at com.vqa.testannotation.BankingFlowSoftDependency.logoutApplication(BankingFlowSoftDependency.java:35)
	at java.base/jdk.internal.reflect.NativeMethodAccessorImpl.invoke0(Native Method)
	at java.base/jdk.internal.reflect.NativeMethodAccessorImpl.invoke(NativeMethodAccessorImpl.java:77)
	at java.base/jdk.internal.reflect.DelegatingMethodAccessorImpl.invoke(DelegatingMethodAccessorImpl.java:43)
	at java.base/java.lang.reflect.Method.invoke(Method.java:568)
	at org.testng.internal.invokers.MethodInvocationHelper.invokeMethod(MethodInvocationHelper.java:141)
	at org.testng.internal.invokers.TestInvoker.invokeMethod(TestInvoker.java:686)
	at org.testng.internal.invokers.TestInvoker.invokeTestMethod(TestInvoker.java:230)
	at org.testng.internal.invokers.MethodRunner.runInSequence(MethodRunner.java:63)
	at org.testng.internal.invokers.TestInvoker$MethodInvocationAgent.invoke(TestInvoker.java:992)
	at org.testng.internal.invokers.TestInvoker.invokeTestMethods(TestInvoker.java:203)
	at org.testng.internal.invokers.TestMethodWorker.invokeTestMethods(TestMethodWorker.java:154)
	at org.testng.internal.invokers.TestMethodWorker.run(TestMethodWorker.java:134)
	at java.base/java.util.ArrayList.forEach(ArrayList.java:1511)
	at org.testng.TestRunner.privateRun(TestRunner.java:739)
	at org.testng.TestRunner.run(TestRunner.java:614)
	at org.testng.SuiteRunner.runTest(SuiteRunner.java:421)
	at org.testng.SuiteRunner.runSequentially(SuiteRunner.java:413)
	at org.testng.SuiteRunner.privateRun(SuiteRunner.java:373)
	at org.testng.SuiteRunner.run(SuiteRunner.java:312)
	at org.testng.SuiteRunnerWorker.runSuite(SuiteRunnerWorker.java:52)
	at org.testng.SuiteRunnerWorker.run(SuiteRunnerWorker.java:95)
	at org.testng.TestNG.runSuitesSequentially(TestNG.java:1274)
	at org.testng.TestNG.runSuitesLocally(TestNG.java:1208)
	at org.testng.TestNG.runSuites(TestNG.java:1112)
	at org.testng.TestNG.run(TestNG.java:1079)
	at org.testng.remote.AbstractRemoteTestNG.run(AbstractRemoteTestNG.java:115)
	at org.testng.remote.RemoteTestNG.initAndRun(RemoteTestNG.java:293)
	at org.testng.remote.RemoteTestNG.main(RemoteTestNG.java:91)
</pre></div></td>
<td>0</td>
<td>com.vqa.testannotation.BankingFlowSoftDependency@4a883b15</td></tr>
</table><p>
<table width='100%' border='1' class='invocation-passed'>
<tr><td colspan='4' align='center'><b>PASSED TESTS</b></td></tr>
<tr><td><b>Test method</b></td>
<td><b>Attribute(s)</b></td>
<td width="30%"><b>Exception</b></td>
<td width="10%"><b>Time (seconds)</b></td>
<td><b>Instance</b></td>
</tr>
<tr>
<td title='com.vqa.testannotation.BankingFlowSoftDependency.loginApplication()'><b>loginApplication</b><br>Test class: com.vqa.testannotation.BankingFlowSoftDependency</td>
<td></td>
<td>0</td>
<td>com.vqa.testannotation.BankingFlowSoftDependency@4a883b15</td></tr>
<tr>
<td title='com.vqa.methodclassannotation.BeforeAndAfterClass.navigateToMultipleWindows()'><b>navigateToMultipleWindows</b><br>Test class: com.vqa.methodclassannotation.BeforeAndAfterClass</td>
<td></td>
<td>0</td>
<td>com.vqa.methodclassannotation.BeforeAndAfterClass@6892b3b6</td></tr>
<tr>
<td title='com.vqa.testannotation.BankingFlowAssertion.launchApplication()'><b>launchApplication</b><br>Test class: com.vqa.testannotation.BankingFlowAssertion</td>
<td></td>
<td>0</td>
<td>com.vqa.testannotation.BankingFlowAssertion@942a29c</td></tr>
<tr>
<td title='com.vqa.methodclassannotation.BeforeAndAfterClass.navigateToRegistrationForm()'><b>navigateToRegistrationForm</b><br>Test class: com.vqa.methodclassannotation.BeforeAndAfterClass</td>
<td></td>
<td>0</td>
<td>com.vqa.methodclassannotation.BeforeAndAfterClass@6892b3b6</td></tr>
<tr>
<td title='com.vqa.testannotation.BankingFlowAssertion.checkCurrentAccountBalance()'><b>checkCurrentAccountBalance</b><br>Test class: com.vqa.testannotation.BankingFlowAssertion</td>
<td></td>
<td>0</td>
<td>com.vqa.testannotation.BankingFlowAssertion@942a29c</td></tr>
<tr>
<td title='com.vqa.methodclassannotation.BeforeAndAfterMethod.navigateToAlertPopupPage()'><b>navigateToAlertPopupPage</b><br>Test class: com.vqa.methodclassannotation.BeforeAndAfterMethod</td>
<td></td>
<td>0</td>
<td>com.vqa.methodclassannotation.BeforeAndAfterMethod@537f60bf</td></tr>
<tr>
<td title='com.vqa.testannotation.BankingFlowHardDependency.launchApplication()'><b>launchApplication</b><br>Test class: com.vqa.testannotation.BankingFlowHardDependency</td>
<td></td>
<td>0</td>
<td>com.vqa.testannotation.BankingFlowHardDependency@3012646b</td></tr>
<tr>
<td title='com.vqa.testannotation.BankingFlowHardDependency.loginApplication()'><b>loginApplication</b><br>Test class: com.vqa.testannotation.BankingFlowHardDependency</td>
<td></td>
<td>0</td>
<td>com.vqa.testannotation.BankingFlowHardDependency@3012646b</td></tr>
<tr>
<td title='com.vqa.testannotation.BankingFlowSoftDependency.checkSavingsAccountBalance()'><b>checkSavingsAccountBalance</b><br>Test class: com.vqa.testannotation.BankingFlowSoftDependency</td>
<td></td>
<td>0</td>
<td>com.vqa.testannotation.BankingFlowSoftDependency@4a883b15</td></tr>
<tr>
<td title='com.vqa.testannotation.BankingFlowAssertion.closeApplication()'><b>closeApplication</b><br>Test class: com.vqa.testannotation.BankingFlowAssertion</td>
<td></td>
<td>0</td>
<td>com.vqa.testannotation.BankingFlowAssertion@942a29c</td></tr>
<tr>
<td title='com.vqa.testannotation.BankingFlowAssertion.logoutApplication()'><b>logoutApplication</b><br>Test class: com.vqa.testannotation.BankingFlowAssertion</td>
<td></td>
<td>0</td>
<td>com.vqa.testannotation.BankingFlowAssertion@942a29c</td></tr>
<tr>
<td title='com.vqa.methodclassannotation.BeforeAndAfterMethod.navigateToRegistrationForm()'><b>navigateToRegistrationForm</b><br>Test class: com.vqa.methodclassannotation.BeforeAndAfterMethod</td>
<td></td>
<td>0</td>
<td>com.vqa.methodclassannotation.BeforeAndAfterMethod@537f60bf</td></tr>
<tr>
<td title='com.vqa.testannotation.BankingFlowSoftDependency.launchApplication()'><b>launchApplication</b><br>Test class: com.vqa.testannotation.BankingFlowSoftDependency</td>
<td></td>
<td>0</td>
<td>com.vqa.testannotation.BankingFlowSoftDependency@4a883b15</td></tr>
<tr>
<td title='com.vqa.methodclassannotation.BeforeAndAfterClass.navigateToWebTable()'><b>navigateToWebTable</b><br>Test class: com.vqa.methodclassannotation.BeforeAndAfterClass</td>
<td></td>
<td>0</td>
<td>com.vqa.methodclassannotation.BeforeAndAfterClass@6892b3b6</td></tr>
<tr>
<td title='com.vqa.testannotation.BankingFlowSoftDependency.checkCurrentAccountBalance()'><b>checkCurrentAccountBalance</b><br>Test class: com.vqa.testannotation.BankingFlowSoftDependency</td>
<td></td>
<td>0</td>
<td>com.vqa.testannotation.BankingFlowSoftDependency@4a883b15</td></tr>
<tr>
<td title='com.vqa.methodclassannotation.BeforeAndAfterClass.navigateToAlertPopupPage()'><b>navigateToAlertPopupPage</b><br>Test class: com.vqa.methodclassannotation.BeforeAndAfterClass</td>
<td></td>
<td>0</td>
<td>com.vqa.methodclassannotation.BeforeAndAfterClass@6892b3b6</td></tr>
<tr>
<td title='com.vqa.testannotation.BankingFlowAssertion.checkSavingsAccountBalance()'><b>checkSavingsAccountBalance</b><br>Test class: com.vqa.testannotation.BankingFlowAssertion</td>
<td></td>
<td>0</td>
<td>com.vqa.testannotation.BankingFlowAssertion@942a29c</td></tr>
<tr>
<td title='com.vqa.testannotation.BankingFlowAssertion.loginApplication()'><b>loginApplication</b><br>Test class: com.vqa.testannotation.BankingFlowAssertion</td>
<td></td>
<td>0</td>
<td>com.vqa.testannotation.BankingFlowAssertion@942a29c</td></tr>
<tr>
<td title='com.vqa.methodclassannotation.BeforeAndAfterMethod.navigateToMultipleWindows()'><b>navigateToMultipleWindows</b><br>Test class: com.vqa.methodclassannotation.BeforeAndAfterMethod</td>
<td></td>
<td>0</td>
<td>com.vqa.methodclassannotation.BeforeAndAfterMethod@537f60bf</td></tr>
<tr>
<td title='com.vqa.methodclassannotation.BeforeAndAfterMethod.navigateToWebTable()'><b>navigateToWebTable</b><br>Test class: com.vqa.methodclassannotation.BeforeAndAfterMethod</td>
<td></td>
<td>0</td>
<td>com.vqa.methodclassannotation.BeforeAndAfterMethod@537f60bf</td></tr>
<tr>
<td title='com.vqa.testannotation.BankingFlowSoftDependency.closeApplication()'><b>closeApplication</b><br>Test class: com.vqa.testannotation.BankingFlowSoftDependency</td>
<td></td>
<td>0</td>
<td>com.vqa.testannotation.BankingFlowSoftDependency@4a883b15</td></tr>
</table><p>
<table width='100%' border='1' class='invocation-skipped'>
<tr><td colspan='4' align='center'><b>SKIPPED TESTS</b></td></tr>
<tr><td><b>Test method</b></td>
<td><b>Attribute(s)</b></td>
<td width="30%"><b>Exception</b></td>
<td width="10%"><b>Time (seconds)</b></td>
<td><b>Instance</b></td>
</tr>
<tr>
<td title='com.vqa.testannotation.BankingFlowHardDependency.closeApplication()'><b>closeApplication</b><br>Test class: com.vqa.testannotation.BankingFlowHardDependency</td>
<td><div><pre>java.lang.Throwable: Method com.vqa.testannotation.BankingFlowHardDependency.closeApplication() on instance com.vqa.testannotation.BankingFlowHardDependency@3012646b depends on not successfully finished methods 
[com.vqa.testannotation.BankingFlowHardDependency.logoutApplication() on instance com.vqa.testannotation.BankingFlowHardDependency@3012646b]
	at java.base/java.util.ArrayList.forEach(ArrayList.java:1511)
... Removed 18 stack frames</pre></div><a href='#' onClick='toggleBox("stack-trace375466577", this, "Click to show all stack frames", "Click to hide stack frames")'>Click to show all stack frames</a>
<div class='stack-trace' id='stack-trace375466577'><pre>java.lang.Throwable: Method com.vqa.testannotation.BankingFlowHardDependency.closeApplication() on instance com.vqa.testannotation.BankingFlowHardDependency@3012646b depends on not successfully finished methods 
[com.vqa.testannotation.BankingFlowHardDependency.logoutApplication() on instance com.vqa.testannotation.BankingFlowHardDependency@3012646b]
	at org.testng.internal.invokers.TestInvoker.invokeTestMethods(TestInvoker.java:159)
	at org.testng.internal.invokers.TestMethodWorker.invokeTestMethods(TestMethodWorker.java:154)
	at org.testng.internal.invokers.TestMethodWorker.run(TestMethodWorker.java:134)
	at java.base/java.util.ArrayList.forEach(ArrayList.java:1511)
	at org.testng.TestRunner.privateRun(TestRunner.java:739)
	at org.testng.TestRunner.run(TestRunner.java:614)
	at org.testng.SuiteRunner.runTest(SuiteRunner.java:421)
	at org.testng.SuiteRunner.runSequentially(SuiteRunner.java:413)
	at org.testng.SuiteRunner.privateRun(SuiteRunner.java:373)
	at org.testng.SuiteRunner.run(SuiteRunner.java:312)
	at org.testng.SuiteRunnerWorker.runSuite(SuiteRunnerWorker.java:52)
	at org.testng.SuiteRunnerWorker.run(SuiteRunnerWorker.java:95)
	at org.testng.TestNG.runSuitesSequentially(TestNG.java:1274)
	at org.testng.TestNG.runSuitesLocally(TestNG.java:1208)
	at org.testng.TestNG.runSuites(TestNG.java:1112)
	at org.testng.TestNG.run(TestNG.java:1079)
	at org.testng.remote.AbstractRemoteTestNG.run(AbstractRemoteTestNG.java:115)
	at org.testng.remote.RemoteTestNG.initAndRun(RemoteTestNG.java:293)
	at org.testng.remote.RemoteTestNG.main(RemoteTestNG.java:91)
</pre></div></td>
<td>0</td>
<td>com.vqa.testannotation.BankingFlowHardDependency@3012646b</td></tr>
<tr>
<td title='com.vqa.testannotation.BankingFlowHardDependency.checkCurrentAccountBalance()'><b>checkCurrentAccountBalance</b><br>Test class: com.vqa.testannotation.BankingFlowHardDependency</td>
<td><div><pre>java.lang.Throwable: Method com.vqa.testannotation.BankingFlowHardDependency.checkCurrentAccountBalance() on instance com.vqa.testannotation.BankingFlowHardDependency@3012646b depends on not successfully finished methods 
[com.vqa.testannotation.BankingFlowHardDependency.checkSavingsAccountBalance() on instance com.vqa.testannotation.BankingFlowHardDependency@3012646b]
	at java.base/java.util.ArrayList.forEach(ArrayList.java:1511)
... Removed 18 stack frames</pre></div><a href='#' onClick='toggleBox("stack-trace2059572982", this, "Click to show all stack frames", "Click to hide stack frames")'>Click to show all stack frames</a>
<div class='stack-trace' id='stack-trace2059572982'><pre>java.lang.Throwable: Method com.vqa.testannotation.BankingFlowHardDependency.checkCurrentAccountBalance() on instance com.vqa.testannotation.BankingFlowHardDependency@3012646b depends on not successfully finished methods 
[com.vqa.testannotation.BankingFlowHardDependency.checkSavingsAccountBalance() on instance com.vqa.testannotation.BankingFlowHardDependency@3012646b]
	at org.testng.internal.invokers.TestInvoker.invokeTestMethods(TestInvoker.java:159)
	at org.testng.internal.invokers.TestMethodWorker.invokeTestMethods(TestMethodWorker.java:154)
	at org.testng.internal.invokers.TestMethodWorker.run(TestMethodWorker.java:134)
	at java.base/java.util.ArrayList.forEach(ArrayList.java:1511)
	at org.testng.TestRunner.privateRun(TestRunner.java:739)
	at org.testng.TestRunner.run(TestRunner.java:614)
	at org.testng.SuiteRunner.runTest(SuiteRunner.java:421)
	at org.testng.SuiteRunner.runSequentially(SuiteRunner.java:413)
	at org.testng.SuiteRunner.privateRun(SuiteRunner.java:373)
	at org.testng.SuiteRunner.run(SuiteRunner.java:312)
	at org.testng.SuiteRunnerWorker.runSuite(SuiteRunnerWorker.java:52)
	at org.testng.SuiteRunnerWorker.run(SuiteRunnerWorker.java:95)
	at org.testng.TestNG.runSuitesSequentially(TestNG.java:1274)
	at org.testng.TestNG.runSuitesLocally(TestNG.java:1208)
	at org.testng.TestNG.runSuites(TestNG.java:1112)
	at org.testng.TestNG.run(TestNG.java:1079)
	at org.testng.remote.AbstractRemoteTestNG.run(AbstractRemoteTestNG.java:115)
	at org.testng.remote.RemoteTestNG.initAndRun(RemoteTestNG.java:293)
	at org.testng.remote.RemoteTestNG.main(RemoteTestNG.java:91)
</pre></div></td>
<td>0</td>
<td>com.vqa.testannotation.BankingFlowHardDependency@3012646b</td></tr>
<tr>
<td title='com.vqa.testannotation.BankingFlowHardDependency.logoutApplication()'><b>logoutApplication</b><br>Test class: com.vqa.testannotation.BankingFlowHardDependency</td>
<td><div><pre>java.lang.Throwable: Method com.vqa.testannotation.BankingFlowHardDependency.logoutApplication() on instance com.vqa.testannotation.BankingFlowHardDependency@3012646b depends on not successfully finished methods 
[com.vqa.testannotation.BankingFlowHardDependency.checkCurrentAccountBalance() on instance com.vqa.testannotation.BankingFlowHardDependency@3012646b]
	at java.base/java.util.ArrayList.forEach(ArrayList.java:1511)
... Removed 18 stack frames</pre></div><a href='#' onClick='toggleBox("stack-trace36657658", this, "Click to show all stack frames", "Click to hide stack frames")'>Click to show all stack frames</a>
<div class='stack-trace' id='stack-trace36657658'><pre>java.lang.Throwable: Method com.vqa.testannotation.BankingFlowHardDependency.logoutApplication() on instance com.vqa.testannotation.BankingFlowHardDependency@3012646b depends on not successfully finished methods 
[com.vqa.testannotation.BankingFlowHardDependency.checkCurrentAccountBalance() on instance com.vqa.testannotation.BankingFlowHardDependency@3012646b]
	at org.testng.internal.invokers.TestInvoker.invokeTestMethods(TestInvoker.java:159)
	at org.testng.internal.invokers.TestMethodWorker.invokeTestMethods(TestMethodWorker.java:154)
	at org.testng.internal.invokers.TestMethodWorker.run(TestMethodWorker.java:134)
	at java.base/java.util.ArrayList.forEach(ArrayList.java:1511)
	at org.testng.TestRunner.privateRun(TestRunner.java:739)
	at org.testng.TestRunner.run(TestRunner.java:614)
	at org.testng.SuiteRunner.runTest(SuiteRunner.java:421)
	at org.testng.SuiteRunner.runSequentially(SuiteRunner.java:413)
	at org.testng.SuiteRunner.privateRun(SuiteRunner.java:373)
	at org.testng.SuiteRunner.run(SuiteRunner.java:312)
	at org.testng.SuiteRunnerWorker.runSuite(SuiteRunnerWorker.java:52)
	at org.testng.SuiteRunnerWorker.run(SuiteRunnerWorker.java:95)
	at org.testng.TestNG.runSuitesSequentially(TestNG.java:1274)
	at org.testng.TestNG.runSuitesLocally(TestNG.java:1208)
	at org.testng.TestNG.runSuites(TestNG.java:1112)
	at org.testng.TestNG.run(TestNG.java:1079)
	at org.testng.remote.AbstractRemoteTestNG.run(AbstractRemoteTestNG.java:115)
	at org.testng.remote.RemoteTestNG.initAndRun(RemoteTestNG.java:293)
	at org.testng.remote.RemoteTestNG.main(RemoteTestNG.java:91)
</pre></div></td>
<td>0</td>
<td>com.vqa.testannotation.BankingFlowHardDependency@3012646b</td></tr>
</table><p>
</body>
</html>