<?xml version="1.0" encoding="UTF-8"?>
<!-- Generated by org.testng.reporters.JUnitXMLReporter -->
<testsuite ignored="0" hostname="DESKTOP-BLEHUMN" failures="2" tests="26" name="Regression Test cases" time="0.19" errors="0" timestamp="2024-11-15T11:51:44 IST">
  <testcase classname="com.vqa.testannotation.BankingFlowAssertion" name="launchApplication" time="0.04"/>
  <testcase classname="com.vqa.testannotation.BankingFlowAssertion" name="loginApplication" time="0.002"/>
  <testcase classname="com.vqa.testannotation.BankingFlowAssertion" name="checkSavingsAccountBalance" time="0.001"/>
  <testcase classname="com.vqa.testannotation.BankingFlowAssertion" name="checkCurrentAccountBalance" time="0.001"/>
  <testcase classname="com.vqa.testannotation.BankingFlowAssertion" name="logoutApplication" time="0.001"/>
  <testcase classname="com.vqa.testannotation.BankingFlowAssertion" name="closeApplication" time="0.0"/>
  <testcase classname="com.vqa.testannotation.BankingFlowHardDependency" name="launchApplication" time="0.001"/>
  <testcase classname="com.vqa.testannotation.BankingFlowHardDependency" name="loginApplication" time="0.001"/>
  <testcase classname="com.vqa.testannotation.BankingFlowHardDependency" name="checkSavingsAccountBalance" time="0.006">
    <failure type="java.lang.AssertionError" message="Savings Account is not validated expected [Savings Account] but found [Not Savings Account]">
      <![CDATA[java.lang.AssertionError: Savings Account is not validated expected [Savings Account] but found [Not Savings Account]
at com.vqa.testannotation.BankingFlowHardDependency.checkSavingsAccountBalance(BankingFlowHardDependency.java:23)
at java.base/java.util.ArrayList.forEach(ArrayList.java:1511)
... Removed 32 stack frames]]>
    </failure>
  </testcase> <!-- checkSavingsAccountBalance -->
  <testcase classname="com.vqa.testannotation.BankingFlowHardDependency" name="checkCurrentAccountBalance" time="0.0">
    <skipped/>
  </testcase> <!-- checkCurrentAccountBalance -->
  <testcase classname="com.vqa.testannotation.BankingFlowHardDependency" name="logoutApplication" time="0.0">
    <skipped/>
  </testcase> <!-- logoutApplication -->
  <testcase classname="com.vqa.testannotation.BankingFlowHardDependency" name="closeApplication" time="0.0">
    <skipped/>
  </testcase> <!-- closeApplication -->
  <testcase classname="com.vqa.testannotation.BankingFlowSoftDependency" name="launchApplication" time="0.001"/>
  <testcase classname="com.vqa.testannotation.BankingFlowSoftDependency" name="loginApplication" time="0.001"/>
  <testcase classname="com.vqa.testannotation.BankingFlowSoftDependency" name="checkSavingsAccountBalance" time="0.001"/>
  <testcase classname="com.vqa.testannotation.BankingFlowSoftDependency" name="checkCurrentAccountBalance" time="0.001"/>
  <testcase classname="com.vqa.testannotation.BankingFlowSoftDependency" name="logoutApplication" time="0.001">
    <failure type="java.lang.AssertionError" message="Logout failed expected [Logout] but found [ Not Logout]">
      <![CDATA[java.lang.AssertionError: Logout failed expected [Logout] but found [ Not Logout]
at com.vqa.testannotation.BankingFlowSoftDependency.logoutApplication(BankingFlowSoftDependency.java:35)
at java.base/java.util.ArrayList.forEach(ArrayList.java:1511)
... Removed 32 stack frames]]>
    </failure>
  </testcase> <!-- logoutApplication -->
  <testcase classname="com.vqa.testannotation.BankingFlowSoftDependency" name="closeApplication" time="0.001"/>
  <testcase classname="com.vqa.methodclassannotation.BeforeAndAfterMethod" name="navigateToRegistrationForm" time="0.0"/>
  <testcase classname="com.vqa.methodclassannotation.BeforeAndAfterMethod" name="navigateToAlertPopupPage" time="0.001"/>
  <testcase classname="com.vqa.methodclassannotation.BeforeAndAfterMethod" name="navigateToWebTable" time="0.001"/>
  <testcase classname="com.vqa.methodclassannotation.BeforeAndAfterMethod" name="navigateToMultipleWindows" time="0.001"/>
  <testcase classname="com.vqa.methodclassannotation.BeforeAndAfterClass" name="navigateToRegistrationForm" time="0.001"/>
  <testcase classname="com.vqa.methodclassannotation.BeforeAndAfterClass" name="navigateToAlertPopupPage" time="0.001"/>
  <testcase classname="com.vqa.methodclassannotation.BeforeAndAfterClass" name="navigateToWebTable" time="0.001"/>
  <testcase classname="com.vqa.methodclassannotation.BeforeAndAfterClass" name="navigateToMultipleWindows" time="0.001"/>
</testsuite> <!-- Regression Test cases -->
