<?xml version="1.0" encoding="UTF-8"?>
<testng-results ignored="0" total="26" passed="21" failed="2" skipped="3">
  <reporter-output>
  </reporter-output>
  <suite started-at="2024-11-15T11:51:44 IST" name="Regression Suite" finished-at="2024-11-15T11:51:44 IST" duration-ms="190">
    <groups>
    </groups>
    <test started-at="2024-11-15T11:51:44 IST" name="Regression Test cases" finished-at="2024-11-15T11:51:44 IST" duration-ms="190">
      <class name="com.vqa.testannotation.BankingFlowSoftDependency">
        <test-method signature="launchApplication()[pri:0, instance:com.vqa.testannotation.BankingFlowSoftDependency@4a883b15]" started-at="2024-11-15T11:51:44 IST" name="launchApplication" finished-at="2024-11-15T11:51:44 IST" duration-ms="1" status="PASS">
          <reporter-output>
          </reporter-output>
        </test-method> <!-- launchApplication -->
        <test-method signature="loginApplication()[pri:0, instance:com.vqa.testannotation.BankingFlowSoftDependency@4a883b15]" started-at="2024-11-15T11:51:44 IST" name="loginApplication" finished-at="2024-11-15T11:51:44 IST" depends-on-methods="com.vqa.testannotation.BankingFlowSoftDependency.launchApplication" duration-ms="1" status="PASS">
          <reporter-output>
          </reporter-output>
        </test-method> <!-- loginApplication -->
        <test-method signature="checkSavingsAccountBalance()[pri:0, instance:com.vqa.testannotation.BankingFlowSoftDependency@4a883b15]" started-at="2024-11-15T11:51:44 IST" name="checkSavingsAccountBalance" finished-at="2024-11-15T11:51:44 IST" depends-on-methods="com.vqa.testannotation.BankingFlowSoftDependency.loginApplication" duration-ms="1" status="PASS">
          <reporter-output>
          </reporter-output>
        </test-method> <!-- checkSavingsAccountBalance -->
        <test-method signature="checkCurrentAccountBalance()[pri:0, instance:com.vqa.testannotation.BankingFlowSoftDependency@4a883b15]" started-at="2024-11-15T11:51:44 IST" name="checkCurrentAccountBalance" finished-at="2024-11-15T11:51:44 IST" depends-on-methods="com.vqa.testannotation.BankingFlowSoftDependency.checkSavingsAccountBalance" duration-ms="1" status="PASS">
          <reporter-output>
          </reporter-output>
        </test-method> <!-- checkCurrentAccountBalance -->
        <test-method signature="logoutApplication()[pri:0, instance:com.vqa.testannotation.BankingFlowSoftDependency@4a883b15]" started-at="2024-11-15T11:51:44 IST" name="logoutApplication" finished-at="2024-11-15T11:51:44 IST" depends-on-methods="com.vqa.testannotation.BankingFlowSoftDependency.checkCurrentAccountBalance" duration-ms="1" status="FAIL">
          <exception class="java.lang.AssertionError">
            <message>
              <![CDATA[Logout failed expected [Logout] but found [ Not Logout]]]>
            </message>
            <full-stacktrace>
              <![CDATA[java.lang.AssertionError: Logout failed expected [Logout] but found [ Not Logout]
at org.testng.Assert.fail(Assert.java:111)
at org.testng.Assert.failNotEquals(Assert.java:1578)
at org.testng.Assert.assertEqualsImpl(Assert.java:150)
at org.testng.Assert.assertEquals(Assert.java:132)
at org.testng.Assert.assertEquals(Assert.java:656)
at com.vqa.testannotation.BankingFlowSoftDependency.logoutApplication(BankingFlowSoftDependency.java:35)
at java.base/jdk.internal.reflect.NativeMethodAccessorImpl.invoke0(Native Method)
at java.base/jdk.internal.reflect.NativeMethodAccessorImpl.invoke(NativeMethodAccessorImpl.java:77)
at java.base/jdk.internal.reflect.DelegatingMethodAccessorImpl.invoke(DelegatingMethodAccessorImpl.java:43)
at java.base/java.lang.reflect.Method.invoke(Method.java:568)
at org.testng.internal.invokers.MethodInvocationHelper.invokeMethod(MethodInvocationHelper.java:141)
at org.testng.internal.invokers.TestInvoker.invokeMethod(TestInvoker.java:686)
at org.testng.internal.invokers.TestInvoker.invokeTestMethod(TestInvoker.java:230)
at org.testng.internal.invokers.MethodRunner.runInSequence(MethodRunner.java:63)
at org.testng.internal.invokers.TestInvoker$MethodInvocationAgent.invoke(TestInvoker.java:992)
at org.testng.internal.invokers.TestInvoker.invokeTestMethods(TestInvoker.java:203)
at org.testng.internal.invokers.TestMethodWorker.invokeTestMethods(TestMethodWorker.java:154)
at org.testng.internal.invokers.TestMethodWorker.run(TestMethodWorker.java:134)
at java.base/java.util.ArrayList.forEach(ArrayList.java:1511)
at org.testng.TestRunner.privateRun(TestRunner.java:739)
at org.testng.TestRunner.run(TestRunner.java:614)
at org.testng.SuiteRunner.runTest(SuiteRunner.java:421)
at org.testng.SuiteRunner.runSequentially(SuiteRunner.java:413)
at org.testng.SuiteRunner.privateRun(SuiteRunner.java:373)
at org.testng.SuiteRunner.run(SuiteRunner.java:312)
at org.testng.SuiteRunnerWorker.runSuite(SuiteRunnerWorker.java:52)
at org.testng.SuiteRunnerWorker.run(SuiteRunnerWorker.java:95)
at org.testng.TestNG.runSuitesSequentially(TestNG.java:1274)
at org.testng.TestNG.runSuitesLocally(TestNG.java:1208)
at org.testng.TestNG.runSuites(TestNG.java:1112)
at org.testng.TestNG.run(TestNG.java:1079)
at org.testng.remote.AbstractRemoteTestNG.run(AbstractRemoteTestNG.java:115)
at org.testng.remote.RemoteTestNG.initAndRun(RemoteTestNG.java:293)
at org.testng.remote.RemoteTestNG.main(RemoteTestNG.java:91)
]]>
            </full-stacktrace>
          </exception> <!-- java.lang.AssertionError -->
          <reporter-output>
          </reporter-output>
        </test-method> <!-- logoutApplication -->
        <test-method signature="closeApplication()[pri:0, instance:com.vqa.testannotation.BankingFlowSoftDependency@4a883b15]" started-at="2024-11-15T11:51:44 IST" name="closeApplication" finished-at="2024-11-15T11:51:44 IST" depends-on-methods="com.vqa.testannotation.BankingFlowSoftDependency.logoutApplication" duration-ms="1" status="PASS">
          <reporter-output>
          </reporter-output>
        </test-method> <!-- closeApplication -->
      </class> <!-- com.vqa.testannotation.BankingFlowSoftDependency -->
      <class name="com.vqa.methodclassannotation.BeforeAndAfterClass">
        <test-method is-config="true" signature="loginApplication()[pri:0, instance:com.vqa.methodclassannotation.BeforeAndAfterClass@6892b3b6]" started-at="2024-11-15T11:51:44 IST" name="loginApplication" finished-at="2024-11-15T11:51:44 IST" duration-ms="0" status="PASS">
          <reporter-output>
          </reporter-output>
        </test-method> <!-- loginApplication -->
        <test-method signature="navigateToRegistrationForm()[pri:1, instance:com.vqa.methodclassannotation.BeforeAndAfterClass@6892b3b6]" started-at="2024-11-15T11:51:44 IST" name="navigateToRegistrationForm" finished-at="2024-11-15T11:51:44 IST" duration-ms="1" status="PASS">
          <reporter-output>
          </reporter-output>
        </test-method> <!-- navigateToRegistrationForm -->
        <test-method signature="navigateToAlertPopupPage()[pri:2, instance:com.vqa.methodclassannotation.BeforeAndAfterClass@6892b3b6]" started-at="2024-11-15T11:51:44 IST" name="navigateToAlertPopupPage" finished-at="2024-11-15T11:51:44 IST" duration-ms="1" status="PASS">
          <reporter-output>
          </reporter-output>
        </test-method> <!-- navigateToAlertPopupPage -->
        <test-method signature="navigateToWebTable()[pri:3, instance:com.vqa.methodclassannotation.BeforeAndAfterClass@6892b3b6]" started-at="2024-11-15T11:51:44 IST" name="navigateToWebTable" finished-at="2024-11-15T11:51:44 IST" duration-ms="1" status="PASS">
          <reporter-output>
          </reporter-output>
        </test-method> <!-- navigateToWebTable -->
        <test-method signature="navigateToMultipleWindows()[pri:4, instance:com.vqa.methodclassannotation.BeforeAndAfterClass@6892b3b6]" started-at="2024-11-15T11:51:44 IST" name="navigateToMultipleWindows" finished-at="2024-11-15T11:51:44 IST" duration-ms="1" status="PASS">
          <reporter-output>
          </reporter-output>
        </test-method> <!-- navigateToMultipleWindows -->
        <test-method is-config="true" signature="closeApplication()[pri:0, instance:com.vqa.methodclassannotation.BeforeAndAfterClass@6892b3b6]" started-at="2024-11-15T11:51:44 IST" name="closeApplication" finished-at="2024-11-15T11:51:44 IST" duration-ms="1" status="PASS">
          <reporter-output>
          </reporter-output>
        </test-method> <!-- closeApplication -->
      </class> <!-- com.vqa.methodclassannotation.BeforeAndAfterClass -->
      <class name="com.vqa.methodclassannotation.BeforeAndAfterMethod">
        <test-method is-config="true" signature="loginApplication()[pri:0, instance:com.vqa.methodclassannotation.BeforeAndAfterMethod@537f60bf]" started-at="2024-11-15T11:51:44 IST" name="loginApplication" finished-at="2024-11-15T11:51:44 IST" duration-ms="6" status="PASS">
          <reporter-output>
          </reporter-output>
        </test-method> <!-- loginApplication -->
        <test-method signature="navigateToRegistrationForm()[pri:1, instance:com.vqa.methodclassannotation.BeforeAndAfterMethod@537f60bf]" started-at="2024-11-15T11:51:44 IST" name="navigateToRegistrationForm" finished-at="2024-11-15T11:51:44 IST" duration-ms="0" status="PASS">
          <reporter-output>
          </reporter-output>
        </test-method> <!-- navigateToRegistrationForm -->
        <test-method is-config="true" signature="closeApplication()[pri:0, instance:com.vqa.methodclassannotation.BeforeAndAfterMethod@537f60bf]" started-at="2024-11-15T11:51:44 IST" name="closeApplication" finished-at="2024-11-15T11:51:44 IST" duration-ms="0" status="PASS">
          <reporter-output>
          </reporter-output>
        </test-method> <!-- closeApplication -->
        <test-method signature="navigateToAlertPopupPage()[pri:2, instance:com.vqa.methodclassannotation.BeforeAndAfterMethod@537f60bf]" started-at="2024-11-15T11:51:44 IST" name="navigateToAlertPopupPage" finished-at="2024-11-15T11:51:44 IST" duration-ms="1" status="PASS">
          <reporter-output>
          </reporter-output>
        </test-method> <!-- navigateToAlertPopupPage -->
        <test-method is-config="true" signature="loginApplication()[pri:0, instance:com.vqa.methodclassannotation.BeforeAndAfterMethod@537f60bf]" started-at="2024-11-15T11:51:44 IST" name="loginApplication" finished-at="2024-11-15T11:51:44 IST" duration-ms="0" status="PASS">
          <reporter-output>
          </reporter-output>
        </test-method> <!-- loginApplication -->
        <test-method is-config="true" signature="closeApplication()[pri:0, instance:com.vqa.methodclassannotation.BeforeAndAfterMethod@537f60bf]" started-at="2024-11-15T11:51:44 IST" name="closeApplication" finished-at="2024-11-15T11:51:44 IST" duration-ms="1" status="PASS">
          <reporter-output>
          </reporter-output>
        </test-method> <!-- closeApplication -->
        <test-method signature="navigateToWebTable()[pri:3, instance:com.vqa.methodclassannotation.BeforeAndAfterMethod@537f60bf]" started-at="2024-11-15T11:51:44 IST" name="navigateToWebTable" finished-at="2024-11-15T11:51:44 IST" duration-ms="1" status="PASS">
          <reporter-output>
          </reporter-output>
        </test-method> <!-- navigateToWebTable -->
        <test-method is-config="true" signature="loginApplication()[pri:0, instance:com.vqa.methodclassannotation.BeforeAndAfterMethod@537f60bf]" started-at="2024-11-15T11:51:44 IST" name="loginApplication" finished-at="2024-11-15T11:51:44 IST" duration-ms="0" status="PASS">
          <reporter-output>
          </reporter-output>
        </test-method> <!-- loginApplication -->
        <test-method is-config="true" signature="closeApplication()[pri:0, instance:com.vqa.methodclassannotation.BeforeAndAfterMethod@537f60bf]" started-at="2024-11-15T11:51:44 IST" name="closeApplication" finished-at="2024-11-15T11:51:44 IST" duration-ms="0" status="PASS">
          <reporter-output>
          </reporter-output>
        </test-method> <!-- closeApplication -->
        <test-method signature="navigateToMultipleWindows()[pri:4, instance:com.vqa.methodclassannotation.BeforeAndAfterMethod@537f60bf]" started-at="2024-11-15T11:51:44 IST" name="navigateToMultipleWindows" finished-at="2024-11-15T11:51:44 IST" duration-ms="1" status="PASS">
          <reporter-output>
          </reporter-output>
        </test-method> <!-- navigateToMultipleWindows -->
        <test-method is-config="true" signature="loginApplication()[pri:0, instance:com.vqa.methodclassannotation.BeforeAndAfterMethod@537f60bf]" started-at="2024-11-15T11:51:44 IST" name="loginApplication" finished-at="2024-11-15T11:51:44 IST" duration-ms="0" status="PASS">
          <reporter-output>
          </reporter-output>
        </test-method> <!-- loginApplication -->
        <test-method is-config="true" signature="closeApplication()[pri:0, instance:com.vqa.methodclassannotation.BeforeAndAfterMethod@537f60bf]" started-at="2024-11-15T11:51:44 IST" name="closeApplication" finished-at="2024-11-15T11:51:44 IST" duration-ms="2" status="PASS">
          <reporter-output>
          </reporter-output>
        </test-method> <!-- closeApplication -->
      </class> <!-- com.vqa.methodclassannotation.BeforeAndAfterMethod -->
      <class name="com.vqa.testannotation.BankingFlowHardDependency">
        <test-method signature="launchApplication()[pri:0, instance:com.vqa.testannotation.BankingFlowHardDependency@3012646b]" started-at="2024-11-15T11:51:44 IST" name="launchApplication" finished-at="2024-11-15T11:51:44 IST" duration-ms="1" status="PASS">
          <reporter-output>
          </reporter-output>
        </test-method> <!-- launchApplication -->
        <test-method signature="loginApplication()[pri:0, instance:com.vqa.testannotation.BankingFlowHardDependency@3012646b]" started-at="2024-11-15T11:51:44 IST" name="loginApplication" finished-at="2024-11-15T11:51:44 IST" depends-on-methods="com.vqa.testannotation.BankingFlowHardDependency.launchApplication" duration-ms="1" status="PASS">
          <reporter-output>
          </reporter-output>
        </test-method> <!-- loginApplication -->
        <test-method signature="checkSavingsAccountBalance()[pri:0, instance:com.vqa.testannotation.BankingFlowHardDependency@3012646b]" started-at="2024-11-15T11:51:44 IST" name="checkSavingsAccountBalance" finished-at="2024-11-15T11:51:44 IST" depends-on-methods="com.vqa.testannotation.BankingFlowHardDependency.loginApplication" duration-ms="6" status="FAIL">
          <exception class="java.lang.AssertionError">
            <message>
              <![CDATA[Savings Account is not validated expected [Savings Account] but found [Not Savings Account]]]>
            </message>
            <full-stacktrace>
              <![CDATA[java.lang.AssertionError: Savings Account is not validated expected [Savings Account] but found [Not Savings Account]
at org.testng.Assert.fail(Assert.java:111)
at org.testng.Assert.failNotEquals(Assert.java:1578)
at org.testng.Assert.assertEqualsImpl(Assert.java:150)
at org.testng.Assert.assertEquals(Assert.java:132)
at org.testng.Assert.assertEquals(Assert.java:656)
at com.vqa.testannotation.BankingFlowHardDependency.checkSavingsAccountBalance(BankingFlowHardDependency.java:23)
at java.base/jdk.internal.reflect.NativeMethodAccessorImpl.invoke0(Native Method)
at java.base/jdk.internal.reflect.NativeMethodAccessorImpl.invoke(NativeMethodAccessorImpl.java:77)
at java.base/jdk.internal.reflect.DelegatingMethodAccessorImpl.invoke(DelegatingMethodAccessorImpl.java:43)
at java.base/java.lang.reflect.Method.invoke(Method.java:568)
at org.testng.internal.invokers.MethodInvocationHelper.invokeMethod(MethodInvocationHelper.java:141)
at org.testng.internal.invokers.TestInvoker.invokeMethod(TestInvoker.java:686)
at org.testng.internal.invokers.TestInvoker.invokeTestMethod(TestInvoker.java:230)
at org.testng.internal.invokers.MethodRunner.runInSequence(MethodRunner.java:63)
at org.testng.internal.invokers.TestInvoker$MethodInvocationAgent.invoke(TestInvoker.java:992)
at org.testng.internal.invokers.TestInvoker.invokeTestMethods(TestInvoker.java:203)
at org.testng.internal.invokers.TestMethodWorker.invokeTestMethods(TestMethodWorker.java:154)
at org.testng.internal.invokers.TestMethodWorker.run(TestMethodWorker.java:134)
at java.base/java.util.ArrayList.forEach(ArrayList.java:1511)
at org.testng.TestRunner.privateRun(TestRunner.java:739)
at org.testng.TestRunner.run(TestRunner.java:614)
at org.testng.SuiteRunner.runTest(SuiteRunner.java:421)
at org.testng.SuiteRunner.runSequentially(SuiteRunner.java:413)
at org.testng.SuiteRunner.privateRun(SuiteRunner.java:373)
at org.testng.SuiteRunner.run(SuiteRunner.java:312)
at org.testng.SuiteRunnerWorker.runSuite(SuiteRunnerWorker.java:52)
at org.testng.SuiteRunnerWorker.run(SuiteRunnerWorker.java:95)
at org.testng.TestNG.runSuitesSequentially(TestNG.java:1274)
at org.testng.TestNG.runSuitesLocally(TestNG.java:1208)
at org.testng.TestNG.runSuites(TestNG.java:1112)
at org.testng.TestNG.run(TestNG.java:1079)
at org.testng.remote.AbstractRemoteTestNG.run(AbstractRemoteTestNG.java:115)
at org.testng.remote.RemoteTestNG.initAndRun(RemoteTestNG.java:293)
at org.testng.remote.RemoteTestNG.main(RemoteTestNG.java:91)
]]>
            </full-stacktrace>
          </exception> <!-- java.lang.AssertionError -->
          <reporter-output>
          </reporter-output>
        </test-method> <!-- checkSavingsAccountBalance -->
        <test-method signature="checkCurrentAccountBalance()[pri:0, instance:com.vqa.testannotation.BankingFlowHardDependency@3012646b]" started-at="2024-11-15T11:51:44 IST" name="checkCurrentAccountBalance" finished-at="2024-11-15T11:51:44 IST" depends-on-methods="com.vqa.testannotation.BankingFlowHardDependency.checkSavingsAccountBalance" duration-ms="0" status="SKIP">
          <exception class="java.lang.Throwable">
            <message>
              <![CDATA[Method com.vqa.testannotation.BankingFlowHardDependency.checkCurrentAccountBalance() on instance com.vqa.testannotation.BankingFlowHardDependency@3012646b depends on not successfully finished methods 
[com.vqa.testannotation.BankingFlowHardDependency.checkSavingsAccountBalance() on instance com.vqa.testannotation.BankingFlowHardDependency@3012646b]]]>
            </message>
            <full-stacktrace>
              <![CDATA[java.lang.Throwable: Method com.vqa.testannotation.BankingFlowHardDependency.checkCurrentAccountBalance() on instance com.vqa.testannotation.BankingFlowHardDependency@3012646b depends on not successfully finished methods 
[com.vqa.testannotation.BankingFlowHardDependency.checkSavingsAccountBalance() on instance com.vqa.testannotation.BankingFlowHardDependency@3012646b]
at org.testng.internal.invokers.TestInvoker.invokeTestMethods(TestInvoker.java:159)
at org.testng.internal.invokers.TestMethodWorker.invokeTestMethods(TestMethodWorker.java:154)
at org.testng.internal.invokers.TestMethodWorker.run(TestMethodWorker.java:134)
at java.base/java.util.ArrayList.forEach(ArrayList.java:1511)
at org.testng.TestRunner.privateRun(TestRunner.java:739)
at org.testng.TestRunner.run(TestRunner.java:614)
at org.testng.SuiteRunner.runTest(SuiteRunner.java:421)
at org.testng.SuiteRunner.runSequentially(SuiteRunner.java:413)
at org.testng.SuiteRunner.privateRun(SuiteRunner.java:373)
at org.testng.SuiteRunner.run(SuiteRunner.java:312)
at org.testng.SuiteRunnerWorker.runSuite(SuiteRunnerWorker.java:52)
at org.testng.SuiteRunnerWorker.run(SuiteRunnerWorker.java:95)
at org.testng.TestNG.runSuitesSequentially(TestNG.java:1274)
at org.testng.TestNG.runSuitesLocally(TestNG.java:1208)
at org.testng.TestNG.runSuites(TestNG.java:1112)
at org.testng.TestNG.run(TestNG.java:1079)
at org.testng.remote.AbstractRemoteTestNG.run(AbstractRemoteTestNG.java:115)
at org.testng.remote.RemoteTestNG.initAndRun(RemoteTestNG.java:293)
at org.testng.remote.RemoteTestNG.main(RemoteTestNG.java:91)
]]>
            </full-stacktrace>
          </exception> <!-- java.lang.Throwable -->
          <reporter-output>
          </reporter-output>
        </test-method> <!-- checkCurrentAccountBalance -->
        <test-method signature="logoutApplication()[pri:0, instance:com.vqa.testannotation.BankingFlowHardDependency@3012646b]" started-at="2024-11-15T11:51:44 IST" name="logoutApplication" finished-at="2024-11-15T11:51:44 IST" depends-on-methods="com.vqa.testannotation.BankingFlowHardDependency.checkCurrentAccountBalance" duration-ms="0" status="SKIP">
          <exception class="java.lang.Throwable">
            <message>
              <![CDATA[Method com.vqa.testannotation.BankingFlowHardDependency.logoutApplication() on instance com.vqa.testannotation.BankingFlowHardDependency@3012646b depends on not successfully finished methods 
[com.vqa.testannotation.BankingFlowHardDependency.checkCurrentAccountBalance() on instance com.vqa.testannotation.BankingFlowHardDependency@3012646b]]]>
            </message>
            <full-stacktrace>
              <![CDATA[java.lang.Throwable: Method com.vqa.testannotation.BankingFlowHardDependency.logoutApplication() on instance com.vqa.testannotation.BankingFlowHardDependency@3012646b depends on not successfully finished methods 
[com.vqa.testannotation.BankingFlowHardDependency.checkCurrentAccountBalance() on instance com.vqa.testannotation.BankingFlowHardDependency@3012646b]
at org.testng.internal.invokers.TestInvoker.invokeTestMethods(TestInvoker.java:159)
at org.testng.internal.invokers.TestMethodWorker.invokeTestMethods(TestMethodWorker.java:154)
at org.testng.internal.invokers.TestMethodWorker.run(TestMethodWorker.java:134)
at java.base/java.util.ArrayList.forEach(ArrayList.java:1511)
at org.testng.TestRunner.privateRun(TestRunner.java:739)
at org.testng.TestRunner.run(TestRunner.java:614)
at org.testng.SuiteRunner.runTest(SuiteRunner.java:421)
at org.testng.SuiteRunner.runSequentially(SuiteRunner.java:413)
at org.testng.SuiteRunner.privateRun(SuiteRunner.java:373)
at org.testng.SuiteRunner.run(SuiteRunner.java:312)
at org.testng.SuiteRunnerWorker.runSuite(SuiteRunnerWorker.java:52)
at org.testng.SuiteRunnerWorker.run(SuiteRunnerWorker.java:95)
at org.testng.TestNG.runSuitesSequentially(TestNG.java:1274)
at org.testng.TestNG.runSuitesLocally(TestNG.java:1208)
at org.testng.TestNG.runSuites(TestNG.java:1112)
at org.testng.TestNG.run(TestNG.java:1079)
at org.testng.remote.AbstractRemoteTestNG.run(AbstractRemoteTestNG.java:115)
at org.testng.remote.RemoteTestNG.initAndRun(RemoteTestNG.java:293)
at org.testng.remote.RemoteTestNG.main(RemoteTestNG.java:91)
]]>
            </full-stacktrace>
          </exception> <!-- java.lang.Throwable -->
          <reporter-output>
          </reporter-output>
        </test-method> <!-- logoutApplication -->
        <test-method signature="closeApplication()[pri:0, instance:com.vqa.testannotation.BankingFlowHardDependency@3012646b]" started-at="2024-11-15T11:51:44 IST" name="closeApplication" finished-at="2024-11-15T11:51:44 IST" depends-on-methods="com.vqa.testannotation.BankingFlowHardDependency.logoutApplication" duration-ms="0" status="SKIP">
          <exception class="java.lang.Throwable">
            <message>
              <![CDATA[Method com.vqa.testannotation.BankingFlowHardDependency.closeApplication() on instance com.vqa.testannotation.BankingFlowHardDependency@3012646b depends on not successfully finished methods 
[com.vqa.testannotation.BankingFlowHardDependency.logoutApplication() on instance com.vqa.testannotation.BankingFlowHardDependency@3012646b]]]>
            </message>
            <full-stacktrace>
              <![CDATA[java.lang.Throwable: Method com.vqa.testannotation.BankingFlowHardDependency.closeApplication() on instance com.vqa.testannotation.BankingFlowHardDependency@3012646b depends on not successfully finished methods 
[com.vqa.testannotation.BankingFlowHardDependency.logoutApplication() on instance com.vqa.testannotation.BankingFlowHardDependency@3012646b]
at org.testng.internal.invokers.TestInvoker.invokeTestMethods(TestInvoker.java:159)
at org.testng.internal.invokers.TestMethodWorker.invokeTestMethods(TestMethodWorker.java:154)
at org.testng.internal.invokers.TestMethodWorker.run(TestMethodWorker.java:134)
at java.base/java.util.ArrayList.forEach(ArrayList.java:1511)
at org.testng.TestRunner.privateRun(TestRunner.java:739)
at org.testng.TestRunner.run(TestRunner.java:614)
at org.testng.SuiteRunner.runTest(SuiteRunner.java:421)
at org.testng.SuiteRunner.runSequentially(SuiteRunner.java:413)
at org.testng.SuiteRunner.privateRun(SuiteRunner.java:373)
at org.testng.SuiteRunner.run(SuiteRunner.java:312)
at org.testng.SuiteRunnerWorker.runSuite(SuiteRunnerWorker.java:52)
at org.testng.SuiteRunnerWorker.run(SuiteRunnerWorker.java:95)
at org.testng.TestNG.runSuitesSequentially(TestNG.java:1274)
at org.testng.TestNG.runSuitesLocally(TestNG.java:1208)
at org.testng.TestNG.runSuites(TestNG.java:1112)
at org.testng.TestNG.run(TestNG.java:1079)
at org.testng.remote.AbstractRemoteTestNG.run(AbstractRemoteTestNG.java:115)
at org.testng.remote.RemoteTestNG.initAndRun(RemoteTestNG.java:293)
at org.testng.remote.RemoteTestNG.main(RemoteTestNG.java:91)
]]>
            </full-stacktrace>
          </exception> <!-- java.lang.Throwable -->
          <reporter-output>
          </reporter-output>
        </test-method> <!-- closeApplication -->
      </class> <!-- com.vqa.testannotation.BankingFlowHardDependency -->
      <class name="com.vqa.testannotation.BankingFlowAssertion">
        <test-method signature="launchApplication()[pri:1, instance:com.vqa.testannotation.BankingFlowAssertion@942a29c]" started-at="2024-11-15T11:51:44 IST" name="launchApplication" finished-at="2024-11-15T11:51:44 IST" duration-ms="40" status="PASS">
          <reporter-output>
          </reporter-output>
        </test-method> <!-- launchApplication -->
        <test-method signature="loginApplication()[pri:2, instance:com.vqa.testannotation.BankingFlowAssertion@942a29c]" started-at="2024-11-15T11:51:44 IST" name="loginApplication" finished-at="2024-11-15T11:51:44 IST" duration-ms="2" status="PASS">
          <reporter-output>
          </reporter-output>
        </test-method> <!-- loginApplication -->
        <test-method signature="checkSavingsAccountBalance()[pri:3, instance:com.vqa.testannotation.BankingFlowAssertion@942a29c]" started-at="2024-11-15T11:51:44 IST" name="checkSavingsAccountBalance" finished-at="2024-11-15T11:51:44 IST" duration-ms="1" status="PASS">
          <reporter-output>
          </reporter-output>
        </test-method> <!-- checkSavingsAccountBalance -->
        <test-method signature="checkCurrentAccountBalance()[pri:4, instance:com.vqa.testannotation.BankingFlowAssertion@942a29c]" started-at="2024-11-15T11:51:44 IST" name="checkCurrentAccountBalance" finished-at="2024-11-15T11:51:44 IST" duration-ms="1" status="PASS">
          <reporter-output>
          </reporter-output>
        </test-method> <!-- checkCurrentAccountBalance -->
        <test-method signature="logoutApplication()[pri:5, instance:com.vqa.testannotation.BankingFlowAssertion@942a29c]" started-at="2024-11-15T11:51:44 IST" name="logoutApplication" finished-at="2024-11-15T11:51:44 IST" duration-ms="1" status="PASS">
          <reporter-output>
          </reporter-output>
        </test-method> <!-- logoutApplication -->
        <test-method signature="closeApplication()[pri:6, instance:com.vqa.testannotation.BankingFlowAssertion@942a29c]" started-at="2024-11-15T11:51:44 IST" name="closeApplication" finished-at="2024-11-15T11:51:44 IST" duration-ms="0" status="PASS">
          <reporter-output>
          </reporter-output>
        </test-method> <!-- closeApplication -->
      </class> <!-- com.vqa.testannotation.BankingFlowAssertion -->
    </test> <!-- Regression Test cases -->
  </suite> <!-- Regression Suite -->
</testng-results>
